['UPDATE 1 1 A', 'UPDATE 2 2 B', 'UPDATE 3 3 C', 'UPDATE 4 4 D', 'MERGE 1 1 2 2', 'MERGE 3 3 4 4', 'MERGE 1 1 4 4', 'UNMERGE 3 3', 'PRINT 1 1', 'PRINT 2 2', 'PRINT 3 3', 'PRINT 4 4']
['UPDATE', '1', '1', 'A']
['A', '', '', '']
[[1, 1], [1, 2], [1, 3], [1, 4]]
['', '', '', '']
[[2, 1], [2, 2], [2, 3], [2, 4]]
['', '', '', '']
[[3, 1], [3, 2], [3, 3], [3, 4]]
['', '', '', '']
[[4, 1], [4, 2], [4, 3], [4, 4]]

['UPDATE', '2', '2', 'B']
['A', '', '', '']
[[1, 1], [1, 2], [1, 3], [1, 4]]
['', 'B', '', '']
[[2, 1], [2, 2], [2, 3], [2, 4]]
['', '', '', '']
[[3, 1], [3, 2], [3, 3], [3, 4]]
['', '', '', '']
[[4, 1], [4, 2], [4, 3], [4, 4]]

['UPDATE', '3', '3', 'C']
['A', '', '', '']
[[1, 1], [1, 2], [1, 3], [1, 4]]
['', 'B', '', '']
[[2, 1], [2, 2], [2, 3], [2, 4]]
['', '', 'C', '']
[[3, 1], [3, 2], [3, 3], [3, 4]]
['', '', '', '']
[[4, 1], [4, 2], [4, 3], [4, 4]]

['UPDATE', '4', '4', 'D']
['A', '', '', '']
[[1, 1], [1, 2], [1, 3], [1, 4]]
['', 'B', '', '']
[[2, 1], [2, 2], [2, 3], [2, 4]]
['', '', 'C', '']
[[3, 1], [3, 2], [3, 3], [3, 4]]
['', '', '', 'D']
[[4, 1], [4, 2], [4, 3], [4, 4]]

['MERGE', '1', '1', '2', '2']
['A', '', '', '']
[[1, 1], [1, 2], [1, 3], [1, 4]]
['', 'B', '', '']
[[2, 1], [1, 1], [2, 3], [2, 4]]
['', '', 'C', '']
[[3, 1], [3, 2], [3, 3], [3, 4]]
['', '', '', 'D']
[[4, 1], [4, 2], [4, 3], [4, 4]]

['MERGE', '3', '3', '4', '4']
['A', '', '', '']
[[1, 1], [1, 2], [1, 3], [1, 4]]
['', 'B', '', '']
[[2, 1], [1, 1], [2, 3], [2, 4]]
['', '', 'C', '']
[[3, 1], [3, 2], [3, 3], [3, 4]]
['', '', '', 'D']
[[4, 1], [4, 2], [4, 3], [3, 3]]

['MERGE', '1', '1', '4', '4']
['A', '', '', '']
[[1, 1], [1, 2], [1, 3], [1, 4]]
['', 'B', '', '']
[[2, 1], [1, 1], [2, 3], [2, 4]]
['', '', 'C', '']
[[3, 1], [3, 2], [1, 1], [3, 4]]
['', '', '', 'D']
[[4, 1], [4, 2], [4, 3], [1, 1]]

['UNMERGE', '3', '3']
['', '', '', '']
[[1, 1], [1, 2], [1, 3], [1, 4]]
['', '', '', '']
[[2, 1], [2, 2], [2, 3], [2, 4]]
['', '', 'A', '']
[[3, 1], [3, 2], [3, 3], [3, 4]]
['', '', '', '']
[[4, 1], [4, 2], [4, 3], [4, 4]]

['PRINT', '1', '1']
['', '', '', '']
[[1, 1], [1, 2], [1, 3], [1, 4]]
['', '', '', '']
[[2, 1], [2, 2], [2, 3], [2, 4]]
['', '', 'A', '']
[[3, 1], [3, 2], [3, 3], [3, 4]]
['', '', '', '']
[[4, 1], [4, 2], [4, 3], [4, 4]]

['PRINT', '2', '2']
['', '', '', '']
[[1, 1], [1, 2], [1, 3], [1, 4]]
['', '', '', '']
[[2, 1], [2, 2], [2, 3], [2, 4]]
['', '', 'A', '']
[[3, 1], [3, 2], [3, 3], [3, 4]]
['', '', '', '']
[[4, 1], [4, 2], [4, 3], [4, 4]]

['PRINT', '3', '3']
['', '', '', '']
[[1, 1], [1, 2], [1, 3], [1, 4]]
['', '', '', '']
[[2, 1], [2, 2], [2, 3], [2, 4]]
['', '', 'A', '']
[[3, 1], [3, 2], [3, 3], [3, 4]]
['', '', '', '']
[[4, 1], [4, 2], [4, 3], [4, 4]]

['PRINT', '4', '4']
['', '', '', '']
[[1, 1], [1, 2], [1, 3], [1, 4]]
['', '', '', '']
[[2, 1], [2, 2], [2, 3], [2, 4]]
['', '', 'A', '']
[[3, 1], [3, 2], [3, 3], [3, 4]]
['', '', '', '']
[[4, 1], [4, 2], [4, 3], [4, 4]]

['EMPTY', 'EMPTY', 'A', 'EMPTY']
